# JRE version: OpenJDK Runtime Environment (11.0.8+10) (build 11.0.8+10-b944.6842174)
# Java VM: OpenJDK 64-Bit Server VM (11.0.8+10-b944.6842174, mixed mode, tiered, compressed oops, g1 gc, windows-amd64)
Heap:
 garbage-first heap   total 262144K, used 170260K [0x0000000080000000, 0x0000000100000000)
  region size 1024K, 54 young (55296K), 2 survivors (2048K)
 Metaspace       used 118567K, capacity 122350K, committed 122940K, reserved 1155072K
  class space    used 14873K, capacity 16286K, committed 16792K, reserved 1048576K
GC Heap History (20 events):
Event: 1135.698 GC heap before
{Heap before GC invocations=53 (full 0):
 garbage-first heap   total 262144K, used 214750K [0x0000000080000000, 0x0000000100000000)
  region size 1024K, 105 young (107520K), 3 survivors (3072K)
 Metaspace       used 117893K, capacity 121739K, committed 122428K, reserved 1155072K
  class space    used 14862K, capacity 16272K, committed 16792K, reserved 1048576K
}
Event: 1135.705 GC heap after
{Heap after GC invocations=54 (full 0):
 garbage-first heap   total 262144K, used 113918K [0x0000000080000000, 0x0000000100000000)
  region size 1024K, 5 young (5120K), 5 survivors (5120K)
 Metaspace       used 117893K, capacity 121739K, committed 122428K, reserved 1155072K
  class space    used 14862K, capacity 16272K, committed 16792K, reserved 1048576K
}
Event: 1408.192 GC heap before
{Heap before GC invocations=55 (full 0):
 garbage-first heap   total 262144K, used 230654K [0x0000000080000000, 0x0000000100000000)
  region size 1024K, 107 young (109568K), 5 survivors (5120K)
 Metaspace       used 118141K, capacity 121919K, committed 122684K, reserved 1155072K
  class space    used 14868K, capacity 16280K, committed 16792K, reserved 1048576K
}
Event: 1408.199 GC heap after
{Heap after GC invocations=56 (full 0):
 garbage-first heap   total 262144K, used 118672K [0x0000000080000000, 0x0000000100000000)
  region size 1024K, 9 young (9216K), 9 survivors (9216K)
 Metaspace       used 118141K, capacity 121919K, committed 122684K, reserved 1155072K
  class space    used 14868K, capacity 16280K, committed 16792K, reserved 1048576K
}
Event: 1408.203 GC heap before
{Heap before GC invocations=56 (full 0):
 garbage-first heap   total 262144K, used 120720K [0x0000000080000000, 0x0000000100000000)
  region size 1024K, 12 young (12288K), 9 survivors (9216K)
 Metaspace       used 118141K, capacity 121919K, committed 122684K, reserved 1155072K
  class space    used 14868K, capacity 16280K, committed 16792K, reserved 1048576K
}
Event: 1408.210 GC heap after
{Heap after GC invocations=57 (full 0):
 garbage-first heap   total 262144K, used 112356K [0x0000000080000000, 0x0000000100000000)
  region size 1024K, 2 young (2048K), 2 survivors (2048K)
 Metaspace       used 118141K, capacity 121919K, committed 122684K, reserved 1155072K
  class space    used 14868K, capacity 16280K, committed 16792K, reserved 1048576K
}
Event: 1409.294 GC heap before
{Heap before GC invocations=57 (full 0):
 garbage-first heap   total 262144K, used 215780K [0x0000000080000000, 0x0000000100000000)
  region size 1024K, 104 young (106496K), 2 survivors (2048K)
 Metaspace       used 118163K, capacity 121919K, committed 122684K, reserved 1155072K
  class space    used 14868K, capacity 16280K, committed 16792K, reserved 1048576K
}
Event: 1409.299 GC heap after
{Heap after GC invocations=58 (full 0):
 garbage-first heap   total 262144K, used 113518K [0x0000000080000000, 0x0000000100000000)
  region size 1024K, 3 young (3072K), 3 survivors (3072K)
 Metaspace       used 118163K, capacity 121919K, committed 122684K, reserved 1155072K
  class space    used 14868K, capacity 16280K, committed 16792K, reserved 1048576K
}
Event: 1516.138 GC heap before
{Heap before GC invocations=59 (full 0):
 garbage-first heap   total 262144K, used 231278K [0x0000000080000000, 0x0000000100000000)
  region size 1024K, 106 young (108544K), 3 survivors (3072K)
 Metaspace       used 118288K, capacity 122137K, committed 122684K, reserved 1155072K
  class space    used 14870K, capacity 16283K, committed 16792K, reserved 1048576K
}
Event: 1516.142 GC heap after
{Heap after GC invocations=60 (full 0):
 garbage-first heap   total 262144K, used 114865K [0x0000000080000000, 0x0000000100000000)
  region size 1024K, 4 young (4096K), 4 survivors (4096K)
 Metaspace       used 118288K, capacity 122137K, committed 122684K, reserved 1155072K
  class space    used 14870K, capacity 16283K, committed 16792K, reserved 1048576K
}
Event: 1516.189 GC heap before
{Heap before GC invocations=60 (full 0):
 garbage-first heap   total 262144K, used 122033K [0x0000000080000000, 0x0000000100000000)
  region size 1024K, 12 young (12288K), 4 survivors (4096K)
 Metaspace       used 118290K, capacity 122137K, committed 122684K, reserved 1155072K
  class space    used 14870K, capacity 16283K, committed 16792K, reserved 1048576K
}
Event: 1516.195 GC heap after
{Heap after GC invocations=61 (full 0):
 garbage-first heap   total 262144K, used 104998K [0x0000000080000000, 0x0000000100000000)
  region size 1024K, 1 young (1024K), 1 survivors (1024K)
 Metaspace       used 118290K, capacity 122137K, committed 122684K, reserved 1155072K
  class space    used 14870K, capacity 16283K, committed 16792K, reserved 1048576K
}
Event: 1524.176 GC heap before
{Heap before GC invocations=61 (full 0):
 garbage-first heap   total 262144K, used 216614K [0x0000000080000000, 0x0000000100000000)
  region size 1024K, 111 young (113664K), 1 survivors (1024K)
 Metaspace       used 118414K, capacity 122139K, committed 122684K, reserved 1155072K
  class space    used 14871K, capacity 16283K, committed 16792K, reserved 1048576K
}
Event: 1524.194 GC heap after
{Heap after GC invocations=62 (full 0):
 garbage-first heap   total 262144K, used 110757K [0x0000000080000000, 0x0000000100000000)
  region size 1024K, 7 young (7168K), 7 survivors (7168K)
 Metaspace       used 118414K, capacity 122139K, committed 122684K, reserved 1155072K
  class space    used 14871K, capacity 16283K, committed 16792K, reserved 1048576K
}
Event: 1525.322 GC heap before
{Heap before GC invocations=63 (full 0):
 garbage-first heap   total 262144K, used 217253K [0x0000000080000000, 0x0000000100000000)
  region size 1024K, 112 young (114688K), 7 survivors (7168K)
 Metaspace       used 118423K, capacity 122139K, committed 122684K, reserved 1155072K
  class space    used 14871K, capacity 16283K, committed 16792K, reserved 1048576K
}
Event: 1525.329 GC heap after
{Heap after GC invocations=64 (full 0):
 garbage-first heap   total 262144K, used 112920K [0x0000000080000000, 0x0000000100000000)
  region size 1024K, 9 young (9216K), 9 survivors (9216K)
 Metaspace       used 118423K, capacity 122139K, committed 122684K, reserved 1155072K
  class space    used 14871K, capacity 16283K, committed 16792K, reserved 1048576K
}
Event: 1525.354 GC heap before
{Heap before GC invocations=64 (full 0):
 garbage-first heap   total 262144K, used 114968K [0x0000000080000000, 0x0000000100000000)
  region size 1024K, 12 young (12288K), 9 survivors (9216K)
 Metaspace       used 118429K, capacity 122148K, committed 122684K, reserved 1155072K
  class space    used 14872K, capacity 16286K, committed 16792K, reserved 1048576K
}
Event: 1525.360 GC heap after
{Heap after GC invocations=65 (full 0):
 garbage-first heap   total 262144K, used 106026K [0x0000000080000000, 0x0000000100000000)
  region size 1024K, 2 young (2048K), 2 survivors (2048K)
 Metaspace       used 118429K, capacity 122148K, committed 122684K, reserved 1155072K
  class space    used 14872K, capacity 16286K, committed 16792K, reserved 1048576K
}
Event: 1525.517 GC heap before
{Heap before GC invocations=65 (full 0):
 garbage-first heap   total 262144K, used 158250K [0x0000000080000000, 0x0000000100000000)
  region size 1024K, 55 young (56320K), 2 survivors (2048K)
 Metaspace       used 118483K, capacity 122283K, committed 122940K, reserved 1155072K
  class space    used 14873K, capacity 16286K, committed 16792K, reserved 1048576K
}
Event: 1525.521 GC heap after
{Heap after GC invocations=66 (full 0):
 garbage-first heap   total 262144K, used 105748K [0x0000000080000000, 0x0000000100000000)
  region size 1024K, 2 young (2048K), 2 survivors (2048K)
 Metaspace       used 118483K, capacity 122283K, committed 122940K, reserved 1155072K
  class space    used 14873K, capacity 16286K, committed 16792K, reserved 1048576K
}

